<?xml version="1.0" encoding="UTF-8" ?>
<testsuite errors="0" failures="0" hostname="JYee-PC" name="OnlineStore.TestRunner" skipped="0" tests="60" time="122.526" timestamp="2016-10-20T22:51:52">
  <properties>
[...]
</properties>
  <testcase classname="Scenario: Add iPhone 5 to cart" name="Given I am on iPhone 5 page" time="0.001" />
  <testcase classname="Scenario: Add iPhone 5 to cart" name="When I click &quot;Add To Cart&quot;" time="0.0" />
  <testcase classname="Scenario: Add iPhone 5 to cart" name="Then a notify message should show as &quot;You just added &quot;iPhone 5&quot; to your cart.&quot;" time="0.0" />
  <testcase classname="junit.framework.TestSuite" name="Scenario: Add iPhone 5 to cart" time="10.59" />
  <testcase classname="Scenario: Change product quantity" name="Given I have added an iPhone 5 to cart" time="0.001" />
  <testcase classname="Scenario: Change product quantity" name="When I am on Checkout page and I update quantity to 2" time="0.0" />
  <testcase classname="Scenario: Change product quantity" name="Then the total should be $24.00" time="0.0" />
  <testcase classname="junit.framework.TestSuite" name="Scenario: Change product quantity" time="17.14" />
  <testcase classname="Scenario: Remove product" name="Given I have added an iPhone 5 to cart" time="0.0" />
  <testcase classname="Scenario: Remove product" name="When I am on Checkout page and I remove the product" time="0.0" />
  <testcase classname="Scenario: Remove product" name="Then a message as &quot;Oops, there is nothing in your cart.&quot; should show" time="0.0" />
  <testcase classname="junit.framework.TestSuite" name="Scenario: Remove product" time="17.034" />
  <testcase classname="Scenario: Successful Login with Valid Credentials" name="Given I am on My Account page" time="0.0" />
  <testcase classname="Scenario: Successful Login with Valid Credentials" name="When I enter correct Username and Password" time="0.0" />
  <testcase classname="Scenario: Successful Login with Valid Credentials" name="Then the welcome message &quot;Howdy, jingyitest&quot; should show in top-right corner" time="0.0" />
  <testcase classname="junit.framework.TestSuite" name="Scenario: Successful Login with Valid Credentials" time="9.791" />
  <testcase classname="Scenario: Successful Logout" name="Given I am on My Account page" time="0.001" />
  <testcase classname="Scenario: Successful Logout" name="When I login the website with correct username and password, and click logout" time="0.0" />
  <testcase classname="Scenario: Successful Logout" name="Then there should be a message show as &quot;You are now logged out.&quot;" time="0.0" />
  <testcase classname="junit.framework.TestSuite" name="Scenario: Successful Logout" time="15.797" />
  <testcase classname="Scenario: Unsuccessful Login with Invalid Credentials" name="Given I am on My Account page" time="0.001" />
  <testcase classname="Scenario: Unsuccessful Login with Invalid Credentials" name="When I enter correct Username but incorrect Password" time="0.0" />
  <testcase classname="Scenario: Unsuccessful Login with Invalid Credentials" name="Then a message should show as &quot;ERROR: Invalid login credentials.&quot;" time="0.0" />
  <testcase classname="junit.framework.TestSuite" name="Scenario: Unsuccessful Login with Invalid Credentials" time="8.557" />
  <testcase classname="Scenario: View Product Category Page" name="Given I am on Home page" time="0.0" />
  <testcase classname="Scenario: View Product Category Page" name="When I navigate to Product Category page" time="0.0" />
  <testcase classname="Scenario: View Product Category Page" name="Then the page title should be Product Category | ONLINE STORE" time="0.0" />
  <testcase classname="junit.framework.TestSuite" name="Scenario: View Product Category Page" time="9.529" />
  <testcase classname="Scenario: Back to Home Page" name="Given I am on account register page" time="0.001" />
  <testcase classname="Scenario: Back to Home Page" name="When I click &quot;Back to ONLINE STORE&quot;" time="0.0" />
  <testcase classname="Scenario: Back to Home Page" name="Then the title of page should be ONLINE STORE | Toolsqa Dummy Test site" time="0.0" />
  <testcase classname="junit.framework.TestSuite" name="Scenario: Back to Home Page" time="7.634" />
  <testcase classname="Scenario: See more product information" name="Given I am on Product Categoty page" time="0.0" />
  <testcase classname="Scenario: See more product information" name="When I want to see more info about iPhone 5 and click &quot;iPhone 5&quot;" time="0.0" />
  <testcase classname="Scenario: See more product information" name="Then the page should has a title as iPhone 5 | ONLINE STORE" time="0.0" />
  <testcase classname="junit.framework.TestSuite" name="Scenario: See more product information" time="16.744" />
  <testcase classname="Scenario: Search a product" name="Given I am on Home page" time="0.0" />
  <testcase classname="Scenario: Search a product" name="When I enter Magic Mouse in the search box" time="0.0" />
  <testcase classname="Scenario: Search a product" name="Then a product named Magic Mouse should show" time="0.0" />
  <testcase classname="junit.framework.TestSuite" name="Scenario: Search a product" time="9.609" />
  <system-out><![CDATA[
10 Scenarios ([32m10 passed[0m)
30 Steps ([32m30 passed[0m)
2m2.244s

]]></system-out>
  <system-err><![CDATA[十月 20, 2016 6:51:53 下午 org.openqa.selenium.remote.ProtocolHandshake createSession
信息: Attempting bi-dialect session, assuming Postel's Law holds true on the remote end
1477003915027	Marionette	INFO	Listening on port 57968
1477003916880	Marionette	INFO	startBrowser 89473466-2818-410a-b7c8-dd495ba7d675
十月 20, 2016 6:51:57 下午 org.openqa.selenium.remote.ProtocolHandshake createSession
信息: Detected dialect: W3C
[Child 15224] ###!!! ABORT: Aborting on channel error.: file c:/builds/moz2_slave/m-rel-w32-00000000000000000000/build/src/ipc/glue/MessageChannel.cpp, line 2052
十月 20, 2016 6:52:02 下午 org.openqa.selenium.os.UnixProcess destroy
严重: Unable to kill process with PID 9524
十月 20, 2016 6:52:03 下午 org.openqa.selenium.remote.ProtocolHandshake createSession
信息: Attempting bi-dialect session, assuming Postel's Law holds true on the remote end
1477003924166	Marionette	INFO	Listening on port 58024
1477003925754	Marionette	INFO	startBrowser 23b1f242-6756-4031-95e4-eb6962797808
十月 20, 2016 6:52:06 下午 org.openqa.selenium.remote.ProtocolHandshake createSession
信息: Detected dialect: W3C
[Child 12040] ###!!! ABORT: Aborting on channel error.: file c:/builds/moz2_slave/m-rel-w32-00000000000000000000/build/src/ipc/glue/MessageChannel.cpp, line 2052
十月 20, 2016 6:52:19 下午 org.openqa.selenium.os.UnixProcess destroy
严重: Unable to kill process with PID 1172
十月 20, 2016 6:52:20 下午 org.openqa.selenium.remote.ProtocolHandshake createSession
信息: Attempting bi-dialect session, assuming Postel's Law holds true on the remote end
1477003941349	Marionette	INFO	Listening on port 58090
1477003943060	Marionette	INFO	startBrowser 8ec25b64-9698-4790-a946-43ae5e3ba0be
十月 20, 2016 6:52:23 下午 org.openqa.selenium.remote.ProtocolHandshake createSession
信息: Detected dialect: W3C
[Child 4224] ###!!! ABORT: Aborting on channel error.: file c:/builds/moz2_slave/m-rel-w32-00000000000000000000/build/src/ipc/glue/MessageChannel.cpp, line 2052
十月 20, 2016 6:52:36 下午 org.openqa.selenium.os.UnixProcess destroy
严重: Unable to kill process with PID 12668
十月 20, 2016 6:52:37 下午 org.openqa.selenium.remote.ProtocolHandshake createSession
信息: Attempting bi-dialect session, assuming Postel's Law holds true on the remote end
1477003958400	Marionette	INFO	Listening on port 58153
1477003960131	Marionette	INFO	startBrowser 84e55adb-413e-4c16-82c9-9ce991d28715
十月 20, 2016 6:52:40 下午 org.openqa.selenium.remote.ProtocolHandshake createSession
信息: Detected dialect: W3C
[Child 10544] ###!!! ABORT: Aborting on channel error.: file c:/builds/moz2_slave/m-rel-w32-00000000000000000000/build/src/ipc/glue/MessageChannel.cpp, line 2052
十月 20, 2016 6:52:46 下午 org.openqa.selenium.os.UnixProcess destroy
严重: Unable to kill process with PID 9904
十月 20, 2016 6:52:47 下午 org.openqa.selenium.remote.ProtocolHandshake createSession
信息: Attempting bi-dialect session, assuming Postel's Law holds true on the remote end
1477003968286	Marionette	INFO	Listening on port 58213
1477003969991	Marionette	INFO	startBrowser 0b738e2b-3923-4810-8c02-5cb7c3144502
十月 20, 2016 6:52:50 下午 org.openqa.selenium.remote.ProtocolHandshake createSession
信息: Detected dialect: W3C
[Child 11260] ###!!! ABORT: Aborting on channel error.: file c:/builds/moz2_slave/m-rel-w32-00000000000000000000/build/src/ipc/glue/MessageChannel.cpp, line 2052
十月 20, 2016 6:53:02 下午 org.openqa.selenium.os.UnixProcess destroy
严重: Unable to kill process with PID 8948
十月 20, 2016 6:53:03 下午 org.openqa.selenium.remote.ProtocolHandshake createSession
信息: Attempting bi-dialect session, assuming Postel's Law holds true on the remote end
1477003984133	Marionette	INFO	Listening on port 58279
1477003986028	Marionette	INFO	startBrowser 9d211852-f633-47f7-9191-b5cec8ea2014
十月 20, 2016 6:53:06 下午 org.openqa.selenium.remote.ProtocolHandshake createSession
信息: Detected dialect: W3C
[Child 9312] ###!!! ABORT: Aborting on channel error.: file c:/builds/moz2_slave/m-rel-w32-00000000000000000000/build/src/ipc/glue/MessageChannel.cpp, line 2052
十月 20, 2016 6:53:11 下午 org.openqa.selenium.os.UnixProcess destroy
严重: Unable to kill process with PID 12588
十月 20, 2016 6:53:11 下午 org.openqa.selenium.remote.ProtocolHandshake createSession
信息: Attempting bi-dialect session, assuming Postel's Law holds true on the remote end
1477003992620	Marionette	INFO	Listening on port 58334
1477003994732	Marionette	INFO	startBrowser 6c285d6a-09fc-493f-af8a-8925e97f4a4a
十月 20, 2016 6:53:14 下午 org.openqa.selenium.remote.ProtocolHandshake createSession
信息: Detected dialect: W3C
[Child 10264] ###!!! ABORT: Aborting on channel error.: file c:/builds/moz2_slave/m-rel-w32-00000000000000000000/build/src/ipc/glue/MessageChannel.cpp, line 2052
十月 20, 2016 6:53:20 下午 org.openqa.selenium.os.UnixProcess destroy
严重: Unable to kill process with PID 11404
十月 20, 2016 6:53:21 下午 org.openqa.selenium.remote.ProtocolHandshake createSession
信息: Attempting bi-dialect session, assuming Postel's Law holds true on the remote end
1477004002065	Marionette	INFO	Listening on port 58383
1477004003750	Marionette	INFO	startBrowser 9d29077b-aaf7-480e-8e95-c74cd72f1ac6
十月 20, 2016 6:53:24 下午 org.openqa.selenium.remote.ProtocolHandshake createSession
信息: Detected dialect: W3C
[Child 12020] WARNING: pipe error: 232: file c:/builds/moz2_slave/m-rel-w32-00000000000000000000/build/src/ipc/chromium/src/chrome/common/ipc_channel_win.cc, line 513
[Child 12020] ###!!! ABORT: Aborting on channel error.: file c:/builds/moz2_slave/m-rel-w32-00000000000000000000/build/src/ipc/glue/MessageChannel.cpp, line 2052
十月 20, 2016 6:53:28 下午 org.openqa.selenium.os.UnixProcess destroy
严重: Unable to kill process with PID 8024
十月 20, 2016 6:53:28 下午 org.openqa.selenium.remote.ProtocolHandshake createSession
信息: Attempting bi-dialect session, assuming Postel's Law holds true on the remote end
1477004009712	Marionette	INFO	Listening on port 58415
1477004011550	Marionette	INFO	startBrowser 2845dce2-4e22-41f0-ac5d-d5910abb4c5f
十月 20, 2016 6:53:31 下午 org.openqa.selenium.remote.ProtocolHandshake createSession
信息: Detected dialect: W3C
[Child 2852] ###!!! ABORT: Aborting on channel error.: file c:/builds/moz2_slave/m-rel-w32-00000000000000000000/build/src/ipc/glue/MessageChannel.cpp, line 2052
十月 20, 2016 6:53:45 下午 org.openqa.selenium.os.UnixProcess destroy
严重: Unable to kill process with PID 10704
十月 20, 2016 6:53:45 下午 org.openqa.selenium.remote.ProtocolHandshake createSession
信息: Attempting bi-dialect session, assuming Postel's Law holds true on the remote end
1477004026515	Marionette	INFO	Listening on port 58469
1477004028301	Marionette	INFO	startBrowser ea3571e3-b765-4b67-8d16-459f4e98ba30
十月 20, 2016 6:53:48 下午 org.openqa.selenium.remote.ProtocolHandshake createSession
信息: Detected dialect: W3C
[Child 7512] ###!!! ABORT: Aborting on channel error.: file c:/builds/moz2_slave/m-rel-w32-00000000000000000000/build/src/ipc/glue/MessageChannel.cpp, line 2052
十月 20, 2016 6:53:54 下午 org.openqa.selenium.os.UnixProcess destroy
严重: Unable to kill process with PID 13920
]]></system-err>
</testsuite>
